{
    "meta": {
        "format": 3,
        "version": "7.13.4",
        "timestamp": "2026-03-30T18:31:08.154639",
        "branch_coverage": true,
        "show_contexts": false
    },
    "files": {
        "kamp_core/__init__.py": {
            "executed_lines": [],
            "summary": {
                "covered_lines": 0,
                "num_statements": 0,
                "percent_covered": 100.0,
                "percent_covered_display": "100",
                "missing_lines": 0,
                "excluded_lines": 0,
                "percent_statements_covered": 100.0,
                "percent_statements_covered_display": "100",
                "num_branches": 0,
                "num_partial_branches": 0,
                "covered_branches": 0,
                "missing_branches": 0,
                "percent_branches_covered": 100.0,
                "percent_branches_covered_display": "100"
            },
            "missing_lines": [],
            "excluded_lines": [],
            "executed_branches": [],
            "missing_branches": [],
            "functions": {
                "": {
                    "executed_lines": [],
                    "summary": {
                        "covered_lines": 0,
                        "num_statements": 0,
                        "percent_covered": 100.0,
                        "percent_covered_display": "100",
                        "missing_lines": 0,
                        "excluded_lines": 0,
                        "percent_statements_covered": 100.0,
                        "percent_statements_covered_display": "100",
                        "num_branches": 0,
                        "num_partial_branches": 0,
                        "covered_branches": 0,
                        "missing_branches": 0,
                        "percent_branches_covered": 100.0,
                        "percent_branches_covered_display": "100"
                    },
                    "missing_lines": [],
                    "excluded_lines": [],
                    "start_line": 1,
                    "executed_branches": [],
                    "missing_branches": []
                }
            },
            "classes": {
                "": {
                    "executed_lines": [],
                    "summary": {
                        "covered_lines": 0,
                        "num_statements": 0,
                        "percent_covered": 100.0,
                        "percent_covered_display": "100",
                        "missing_lines": 0,
                        "excluded_lines": 0,
                        "percent_statements_covered": 100.0,
                        "percent_statements_covered_display": "100",
                        "num_branches": 0,
                        "num_partial_branches": 0,
                        "covered_branches": 0,
                        "missing_branches": 0,
                        "percent_branches_covered": 100.0,
                        "percent_branches_covered_display": "100"
                    },
                    "missing_lines": [],
                    "excluded_lines": [],
                    "start_line": 1,
                    "executed_branches": [],
                    "missing_branches": []
                }
            }
        },
        "kamp_core/library.py": {
            "executed_lines": [
                3,
                5,
                6,
                7,
                8,
                9,
                10,
                11,
                12,
                14,
                15,
                16,
                17,
                19,
                21,
                23,
                25,
                64,
                67,
                84,
                93,
                107,
                108,
                109,
                110,
                111,
                112,
                113,
                114,
                115,
                116,
                117,
                118,
                119,
                120,
                121,
                122,
                123,
                126,
                127,
                128,
                129,
                130,
                131,
                132,
                135,
                139,
                140,
                141,
                142,
                143,
                146,
                149,
                159,
                171,
                172,
                186,
                223,
                231,
                235,
                267,
                274,
                279,
                293,
                319,
                326,
                338,
                343,
                350,
                371,
                384,
                389,
                396,
                403,
                423,
                448,
                498,
                506,
                532,
                568,
                601,
                631,
                634,
                637
            ],
            "summary": {
                "covered_lines": 84,
                "num_statements": 290,
                "percent_covered": 24.571428571428573,
                "percent_covered_display": "25",
                "missing_lines": 206,
                "excluded_lines": 0,
                "percent_statements_covered": 28.96551724137931,
                "percent_statements_covered_display": "29",
                "num_branches": 60,
                "num_partial_branches": 0,
                "covered_branches": 2,
                "missing_branches": 58,
                "percent_branches_covered": 3.3333333333333335,
                "percent_branches_covered_display": "3"
            },
            "missing_lines": [
                74,
                75,
                76,
                77,
                78,
                79,
                100,
                101,
                102,
                103,
                104,
                136,
                150,
                151,
                152,
                155,
                156,
                157,
                164,
                165,
                168,
                169,
                179,
                180,
                181,
                182,
                183,
                184,
                188,
                189,
                190,
                192,
                193,
                196,
                197,
                199,
                200,
                202,
                203,
                204,
                205,
                207,
                209,
                210,
                212,
                213,
                214,
                215,
                216,
                220,
                221,
                225,
                226,
                233,
                237,
                238,
                239,
                264,
                265,
                269,
                271,
                272,
                276,
                277,
                285,
                287,
                291,
                300,
                301,
                308,
                321,
                324,
                328,
                336,
                340,
                341,
                345,
                348,
                356,
                357,
                358,
                359,
                369,
                373,
                382,
                386,
                387,
                391,
                394,
                397,
                398,
                399,
                400,
                406,
                424,
                454,
                455,
                456,
                457,
                458,
                459,
                460,
                461,
                462,
                463,
                464,
                465,
                466,
                467,
                472,
                473,
                474,
                475,
                476,
                477,
                478,
                479,
                481,
                483,
                484,
                485,
                486,
                487,
                488,
                489,
                490,
                500,
                501,
                502,
                503,
                507,
                508,
                509,
                510,
                512,
                513,
                514,
                516,
                533,
                534,
                535,
                536,
                537,
                539,
                540,
                541,
                542,
                543,
                545,
                547,
                548,
                549,
                550,
                552,
                570,
                571,
                572,
                574,
                575,
                576,
                577,
                578,
                579,
                581,
                582,
                583,
                585,
                607,
                608,
                609,
                610,
                611,
                612,
                613,
                614,
                615,
                616,
                618,
                619,
                620,
                621,
                622,
                623,
                635,
                651,
                652,
                654,
                659,
                662,
                663,
                664,
                665,
                666,
                667,
                668,
                670,
                671,
                672,
                673,
                674,
                676,
                677,
                678,
                679,
                681,
                683
            ],
            "excluded_lines": [],
            "executed_branches": [],
            "missing_branches": [
                [
                    102,
                    103
                ],
                [
                    102,
                    104
                ],
                [
                    179,
                    180
                ],
                [
                    179,
                    184
                ],
                [
                    190,
                    192
                ],
                [
                    190,
                    199
                ],
                [
                    200,
                    202
                ],
                [
                    200,
                    207
                ],
                [
                    207,
                    -186
                ],
                [
                    207,
                    209
                ],
                [
                    213,
                    214
                ],
                [
                    213,
                    220
                ],
                [
                    215,
                    213
                ],
                [
                    215,
                    216
                ],
                [
                    237,
                    238
                ],
                [
                    237,
                    239
                ],
                [
                    357,
                    358
                ],
                [
                    357,
                    359
                ],
                [
                    398,
                    399
                ],
                [
                    398,
                    400
                ],
                [
                    456,
                    457
                ],
                [
                    456,
                    462
                ],
                [
                    458,
                    459
                ],
                [
                    458,
                    490
                ],
                [
                    459,
                    458
                ],
                [
                    459,
                    460
                ],
                [
                    465,
                    466
                ],
                [
                    465,
                    490
                ],
                [
                    473,
                    474
                ],
                [
                    473,
                    478
                ],
                [
                    475,
                    476
                ],
                [
                    475,
                    490
                ],
                [
                    478,
                    479
                ],
                [
                    478,
                    490
                ],
                [
                    485,
                    486
                ],
                [
                    485,
                    490
                ],
                [
                    541,
                    542
                ],
                [
                    541,
                    543
                ],
                [
                    571,
                    572
                ],
                [
                    571,
                    574
                ],
                [
                    609,
                    610
                ],
                [
                    609,
                    611
                ],
                [
                    611,
                    612
                ],
                [
                    611,
                    613
                ],
                [
                    613,
                    614
                ],
                [
                    613,
                    615
                ],
                [
                    615,
                    616
                ],
                [
                    615,
                    618
                ],
                [
                    651,
                    652
                ],
                [
                    651,
                    654
                ],
                [
                    665,
                    666
                ],
                [
                    665,
                    673
                ],
                [
                    667,
                    668
                ],
                [
                    667,
                    670
                ],
                [
                    671,
                    665
                ],
                [
                    671,
                    672
                ],
                [
                    677,
                    678
                ],
                [
                    677,
                    681
                ]
            ],
            "functions": {
                "_get_date_added": {
                    "executed_lines": [],
                    "summary": {
                        "covered_lines": 0,
                        "num_statements": 6,
                        "percent_covered": 0.0,
                        "percent_covered_display": "0",
                        "missing_lines": 6,
                        "excluded_lines": 0,
                        "percent_statements_covered": 0.0,
                        "percent_statements_covered_display": "0",
                        "num_branches": 0,
                        "num_partial_branches": 0,
                        "covered_branches": 0,
                        "missing_branches": 0,
                        "percent_branches_covered": 100.0,
                        "percent_branches_covered_display": "100"
                    },
                    "missing_lines": [
                        74,
                        75,
                        76,
                        77,
                        78,
                        79
                    ],
                    "excluded_lines": [],
                    "start_line": 67,
                    "executed_branches": [],
                    "missing_branches": []
                },
                "_make_fts_query": {
                    "executed_lines": [],
                    "summary": {
                        "covered_lines": 0,
                        "num_statements": 5,
                        "percent_covered": 0.0,
                        "percent_covered_display": "0",
                        "missing_lines": 5,
                        "excluded_lines": 0,
                        "percent_statements_covered": 0.0,
                        "percent_statements_covered_display": "0",
                        "num_branches": 2,
                        "num_partial_branches": 0,
                        "covered_branches": 0,
                        "missing_branches": 2,
                        "percent_branches_covered": 0.0,
                        "percent_branches_covered_display": "0"
                    },
                    "missing_lines": [
                        100,
                        101,
                        102,
                        103,
                        104
                    ],
                    "excluded_lines": [],
                    "start_line": 93,
                    "executed_branches": [],
                    "missing_branches": [
                        [
                            102,
                            103
                        ],
                        [
                            102,
                            104
                        ]
                    ]
                },
                "AlbumInfo.__getitem__": {
                    "executed_lines": [],
                    "summary": {
                        "covered_lines": 0,
                        "num_statements": 1,
                        "percent_covered": 0.0,
                        "percent_covered_display": "0",
                        "missing_lines": 1,
                        "excluded_lines": 0,
                        "percent_statements_covered": 0.0,
                        "percent_statements_covered_display": "0",
                        "num_branches": 0,
                        "num_partial_branches": 0,
                        "covered_branches": 0,
                        "missing_branches": 0,
                        "percent_branches_covered": 100.0,
                        "percent_branches_covered_display": "100"
                    },
                    "missing_lines": [
                        136
                    ],
                    "excluded_lines": [],
                    "start_line": 135,
                    "executed_branches": [],
                    "missing_branches": []
                },
                "LibraryIndex.__init__": {
                    "executed_lines": [],
                    "summary": {
                        "covered_lines": 0,
                        "num_statements": 6,
                        "percent_covered": 0.0,
                        "percent_covered_display": "0",
                        "missing_lines": 6,
                        "excluded_lines": 0,
                        "percent_statements_covered": 0.0,
                        "percent_statements_covered_display": "0",
                        "num_branches": 0,
                        "num_partial_branches": 0,
                        "covered_branches": 0,
                        "missing_branches": 0,
                        "percent_branches_covered": 100.0,
                        "percent_branches_covered_display": "100"
                    },
                    "missing_lines": [
                        150,
                        151,
                        152,
                        155,
                        156,
                        157
                    ],
                    "excluded_lines": [],
                    "start_line": 149,
                    "executed_branches": [],
                    "missing_branches": []
                },
                "LibraryIndex._make_conn": {
                    "executed_lines": [],
                    "summary": {
                        "covered_lines": 0,
                        "num_statements": 4,
                        "percent_covered": 0.0,
                        "percent_covered_display": "0",
                        "missing_lines": 4,
                        "excluded_lines": 0,
                        "percent_statements_covered": 0.0,
                        "percent_statements_covered_display": "0",
                        "num_branches": 0,
                        "num_partial_branches": 0,
                        "covered_branches": 0,
                        "missing_branches": 0,
                        "percent_branches_covered": 100.0,
                        "percent_branches_covered_display": "100"
                    },
                    "missing_lines": [
                        164,
                        165,
                        168,
                        169
                    ],
                    "excluded_lines": [],
                    "start_line": 159,
                    "executed_branches": [],
                    "missing_branches": []
                },
                "LibraryIndex._conn": {
                    "executed_lines": [],
                    "summary": {
                        "covered_lines": 0,
                        "num_statements": 6,
                        "percent_covered": 0.0,
                        "percent_covered_display": "0",
                        "missing_lines": 6,
                        "excluded_lines": 0,
                        "percent_statements_covered": 0.0,
                        "percent_statements_covered_display": "0",
                        "num_branches": 2,
                        "num_partial_branches": 0,
                        "covered_branches": 0,
                        "missing_branches": 2,
                        "percent_branches_covered": 0.0,
                        "percent_branches_covered_display": "0"
                    },
                    "missing_lines": [
                        179,
                        180,
                        181,
                        182,
                        183,
                        184
                    ],
                    "excluded_lines": [],
                    "start_line": 172,
                    "executed_branches": [],
                    "missing_branches": [
                        [
                            179,
                            180
                        ],
                        [
                            179,
                            184
                        ]
                    ]
                },
                "LibraryIndex._migrate": {
                    "executed_lines": [],
                    "summary": {
                        "covered_lines": 0,
                        "num_statements": 23,
                        "percent_covered": 0.0,
                        "percent_covered_display": "0",
                        "missing_lines": 23,
                        "excluded_lines": 0,
                        "percent_statements_covered": 0.0,
                        "percent_statements_covered_display": "0",
                        "num_branches": 10,
                        "num_partial_branches": 0,
                        "covered_branches": 0,
                        "missing_branches": 10,
                        "percent_branches_covered": 0.0,
                        "percent_branches_covered_display": "0"
                    },
                    "missing_lines": [
                        188,
                        189,
                        190,
                        192,
                        193,
                        196,
                        197,
                        199,
                        200,
                        202,
                        203,
                        204,
                        205,
                        207,
                        209,
                        210,
                        212,
                        213,
                        214,
                        215,
                        216,
                        220,
                        221
                    ],
                    "excluded_lines": [],
                    "start_line": 186,
                    "executed_branches": [],
                    "missing_branches": [
                        [
                            190,
                            192
                        ],
                        [
                            190,
                            199
                        ],
                        [
                            200,
                            202
                        ],
                        [
                            200,
                            207
                        ],
                        [
                            207,
                            -186
                        ],
                        [
                            207,
                            209
                        ],
                        [
                            213,
                            214
                        ],
                        [
                            213,
                            220
                        ],
                        [
                            215,
                            213
                        ],
                        [
                            215,
                            216
                        ]
                    ]
                },
                "LibraryIndex._rebuild_fts": {
                    "executed_lines": [],
                    "summary": {
                        "covered_lines": 0,
                        "num_statements": 2,
                        "percent_covered": 0.0,
                        "percent_covered_display": "0",
                        "missing_lines": 2,
                        "excluded_lines": 0,
                        "percent_statements_covered": 0.0,
                        "percent_statements_covered_display": "0",
                        "num_branches": 0,
                        "num_partial_branches": 0,
                        "covered_branches": 0,
                        "missing_branches": 0,
                        "percent_branches_covered": 100.0,
                        "percent_branches_covered_display": "100"
                    },
                    "missing_lines": [
                        225,
                        226
                    ],
                    "excluded_lines": [],
                    "start_line": 223,
                    "executed_branches": [],
                    "missing_branches": []
                },
                "LibraryIndex.upsert_track": {
                    "executed_lines": [],
                    "summary": {
                        "covered_lines": 0,
                        "num_statements": 1,
                        "percent_covered": 0.0,
                        "percent_covered_display": "0",
                        "missing_lines": 1,
                        "excluded_lines": 0,
                        "percent_statements_covered": 0.0,
                        "percent_statements_covered_display": "0",
                        "num_branches": 0,
                        "num_partial_branches": 0,
                        "covered_branches": 0,
                        "missing_branches": 0,
                        "percent_branches_covered": 100.0,
                        "percent_branches_covered_display": "100"
                    },
                    "missing_lines": [
                        233
                    ],
                    "excluded_lines": [],
                    "start_line": 231,
                    "executed_branches": [],
                    "missing_branches": []
                },
                "LibraryIndex.upsert_many": {
                    "executed_lines": [],
                    "summary": {
                        "covered_lines": 0,
                        "num_statements": 5,
                        "percent_covered": 0.0,
                        "percent_covered_display": "0",
                        "missing_lines": 5,
                        "excluded_lines": 0,
                        "percent_statements_covered": 0.0,
                        "percent_statements_covered_display": "0",
                        "num_branches": 2,
                        "num_partial_branches": 0,
                        "covered_branches": 0,
                        "missing_branches": 2,
                        "percent_branches_covered": 0.0,
                        "percent_branches_covered_display": "0"
                    },
                    "missing_lines": [
                        237,
                        238,
                        239,
                        264,
                        265
                    ],
                    "excluded_lines": [],
                    "start_line": 235,
                    "executed_branches": [],
                    "missing_branches": [
                        [
                            237,
                            238
                        ],
                        [
                            237,
                            239
                        ]
                    ]
                },
                "LibraryIndex.remove_track": {
                    "executed_lines": [],
                    "summary": {
                        "covered_lines": 0,
                        "num_statements": 3,
                        "percent_covered": 0.0,
                        "percent_covered_display": "0",
                        "missing_lines": 3,
                        "excluded_lines": 0,
                        "percent_statements_covered": 0.0,
                        "percent_statements_covered_display": "0",
                        "num_branches": 0,
                        "num_partial_branches": 0,
                        "covered_branches": 0,
                        "missing_branches": 0,
                        "percent_branches_covered": 100.0,
                        "percent_branches_covered_display": "100"
                    },
                    "missing_lines": [
                        269,
                        271,
                        272
                    ],
                    "excluded_lines": [],
                    "start_line": 267,
                    "executed_branches": [],
                    "missing_branches": []
                },
                "LibraryIndex.all_tracks": {
                    "executed_lines": [],
                    "summary": {
                        "covered_lines": 0,
                        "num_statements": 2,
                        "percent_covered": 0.0,
                        "percent_covered_display": "0",
                        "missing_lines": 2,
                        "excluded_lines": 0,
                        "percent_statements_covered": 0.0,
                        "percent_statements_covered_display": "0",
                        "num_branches": 0,
                        "num_partial_branches": 0,
                        "covered_branches": 0,
                        "missing_branches": 0,
                        "percent_branches_covered": 100.0,
                        "percent_branches_covered_display": "100"
                    },
                    "missing_lines": [
                        276,
                        277
                    ],
                    "excluded_lines": [],
                    "start_line": 274,
                    "executed_branches": [],
                    "missing_branches": []
                },
                "LibraryIndex.record_played": {
                    "executed_lines": [],
                    "summary": {
                        "covered_lines": 0,
                        "num_statements": 3,
                        "percent_covered": 0.0,
                        "percent_covered_display": "0",
                        "missing_lines": 3,
                        "excluded_lines": 0,
                        "percent_statements_covered": 0.0,
                        "percent_statements_covered_display": "0",
                        "num_branches": 0,
                        "num_partial_branches": 0,
                        "covered_branches": 0,
                        "missing_branches": 0,
                        "percent_branches_covered": 100.0,
                        "percent_branches_covered_display": "100"
                    },
                    "missing_lines": [
                        285,
                        287,
                        291
                    ],
                    "excluded_lines": [],
                    "start_line": 279,
                    "executed_branches": [],
                    "missing_branches": []
                },
                "LibraryIndex.albums": {
                    "executed_lines": [],
                    "summary": {
                        "covered_lines": 0,
                        "num_statements": 3,
                        "percent_covered": 0.0,
                        "percent_covered_display": "0",
                        "missing_lines": 3,
                        "excluded_lines": 0,
                        "percent_statements_covered": 0.0,
                        "percent_statements_covered_display": "0",
                        "num_branches": 0,
                        "num_partial_branches": 0,
                        "covered_branches": 0,
                        "missing_branches": 0,
                        "percent_branches_covered": 100.0,
                        "percent_branches_covered_display": "100"
                    },
                    "missing_lines": [
                        300,
                        301,
                        308
                    ],
                    "excluded_lines": [],
                    "start_line": 293,
                    "executed_branches": [],
                    "missing_branches": []
                },
                "LibraryIndex.artists": {
                    "executed_lines": [],
                    "summary": {
                        "covered_lines": 0,
                        "num_statements": 2,
                        "percent_covered": 0.0,
                        "percent_covered_display": "0",
                        "missing_lines": 2,
                        "excluded_lines": 0,
                        "percent_statements_covered": 0.0,
                        "percent_statements_covered_display": "0",
                        "num_branches": 0,
                        "num_partial_branches": 0,
                        "covered_branches": 0,
                        "missing_branches": 0,
                        "percent_branches_covered": 100.0,
                        "percent_branches_covered_display": "100"
                    },
                    "missing_lines": [
                        321,
                        324
                    ],
                    "excluded_lines": [],
                    "start_line": 319,
                    "executed_branches": [],
                    "missing_branches": []
                },
                "LibraryIndex.tracks_for_album": {
                    "executed_lines": [],
                    "summary": {
                        "covered_lines": 0,
                        "num_statements": 2,
                        "percent_covered": 0.0,
                        "percent_covered_display": "0",
                        "missing_lines": 2,
                        "excluded_lines": 0,
                        "percent_statements_covered": 0.0,
                        "percent_statements_covered_display": "0",
                        "num_branches": 0,
                        "num_partial_branches": 0,
                        "covered_branches": 0,
                        "missing_branches": 0,
                        "percent_branches_covered": 100.0,
                        "percent_branches_covered_display": "100"
                    },
                    "missing_lines": [
                        328,
                        336
                    ],
                    "excluded_lines": [],
                    "start_line": 326,
                    "executed_branches": [],
                    "missing_branches": []
                },
                "LibraryIndex.indexed_paths": {
                    "executed_lines": [],
                    "summary": {
                        "covered_lines": 0,
                        "num_statements": 2,
                        "percent_covered": 0.0,
                        "percent_covered_display": "0",
                        "missing_lines": 2,
                        "excluded_lines": 0,
                        "percent_statements_covered": 0.0,
                        "percent_statements_covered_display": "0",
                        "num_branches": 0,
                        "num_partial_branches": 0,
                        "covered_branches": 0,
                        "missing_branches": 0,
                        "percent_branches_covered": 100.0,
                        "percent_branches_covered_display": "100"
                    },
                    "missing_lines": [
                        340,
                        341
                    ],
                    "excluded_lines": [],
                    "start_line": 338,
                    "executed_branches": [],
                    "missing_branches": []
                },
                "LibraryIndex.get_track_by_path": {
                    "executed_lines": [],
                    "summary": {
                        "covered_lines": 0,
                        "num_statements": 2,
                        "percent_covered": 0.0,
                        "percent_covered_display": "0",
                        "missing_lines": 2,
                        "excluded_lines": 0,
                        "percent_statements_covered": 0.0,
                        "percent_statements_covered_display": "0",
                        "num_branches": 0,
                        "num_partial_branches": 0,
                        "covered_branches": 0,
                        "missing_branches": 0,
                        "percent_branches_covered": 100.0,
                        "percent_branches_covered_display": "100"
                    },
                    "missing_lines": [
                        345,
                        348
                    ],
                    "excluded_lines": [],
                    "start_line": 343,
                    "executed_branches": [],
                    "missing_branches": []
                },
                "LibraryIndex.search": {
                    "executed_lines": [],
                    "summary": {
                        "covered_lines": 0,
                        "num_statements": 5,
                        "percent_covered": 0.0,
                        "percent_covered_display": "0",
                        "missing_lines": 5,
                        "excluded_lines": 0,
                        "percent_statements_covered": 0.0,
                        "percent_statements_covered_display": "0",
                        "num_branches": 2,
                        "num_partial_branches": 0,
                        "covered_branches": 0,
                        "missing_branches": 2,
                        "percent_branches_covered": 0.0,
                        "percent_branches_covered_display": "0"
                    },
                    "missing_lines": [
                        356,
                        357,
                        358,
                        359,
                        369
                    ],
                    "excluded_lines": [],
                    "start_line": 350,
                    "executed_branches": [],
                    "missing_branches": [
                        [
                            357,
                            358
                        ],
                        [
                            357,
                            359
                        ]
                    ]
                },
                "LibraryIndex.save_player_state": {
                    "executed_lines": [],
                    "summary": {
                        "covered_lines": 0,
                        "num_statements": 2,
                        "percent_covered": 0.0,
                        "percent_covered_display": "0",
                        "missing_lines": 2,
                        "excluded_lines": 0,
                        "percent_statements_covered": 0.0,
                        "percent_statements_covered_display": "0",
                        "num_branches": 0,
                        "num_partial_branches": 0,
                        "covered_branches": 0,
                        "missing_branches": 0,
                        "percent_branches_covered": 100.0,
                        "percent_branches_covered_display": "100"
                    },
                    "missing_lines": [
                        373,
                        382
                    ],
                    "excluded_lines": [],
                    "start_line": 371,
                    "executed_branches": [],
                    "missing_branches": []
                },
                "LibraryIndex.clear_player_state": {
                    "executed_lines": [],
                    "summary": {
                        "covered_lines": 0,
                        "num_statements": 2,
                        "percent_covered": 0.0,
                        "percent_covered_display": "0",
                        "missing_lines": 2,
                        "excluded_lines": 0,
                        "percent_statements_covered": 0.0,
                        "percent_statements_covered_display": "0",
                        "num_branches": 0,
                        "num_partial_branches": 0,
                        "covered_branches": 0,
                        "missing_branches": 0,
                        "percent_branches_covered": 100.0,
                        "percent_branches_covered_display": "100"
                    },
                    "missing_lines": [
                        386,
                        387
                    ],
                    "excluded_lines": [],
                    "start_line": 384,
                    "executed_branches": [],
                    "missing_branches": []
                },
                "LibraryIndex.load_player_state": {
                    "executed_lines": [],
                    "summary": {
                        "covered_lines": 0,
                        "num_statements": 2,
                        "percent_covered": 0.0,
                        "percent_covered_display": "0",
                        "missing_lines": 2,
                        "excluded_lines": 0,
                        "percent_statements_covered": 0.0,
                        "percent_statements_covered_display": "0",
                        "num_branches": 0,
                        "num_partial_branches": 0,
                        "covered_branches": 0,
                        "missing_branches": 0,
                        "percent_branches_covered": 100.0,
                        "percent_branches_covered_display": "100"
                    },
                    "missing_lines": [
                        391,
                        394
                    ],
                    "excluded_lines": [],
                    "start_line": 389,
                    "executed_branches": [],
                    "missing_branches": []
                },
                "LibraryIndex.close": {
                    "executed_lines": [],
                    "summary": {
                        "covered_lines": 0,
                        "num_statements": 4,
                        "percent_covered": 0.0,
                        "percent_covered_display": "0",
                        "missing_lines": 4,
                        "excluded_lines": 0,
                        "percent_statements_covered": 0.0,
                        "percent_statements_covered_display": "0",
                        "num_branches": 2,
                        "num_partial_branches": 0,
                        "covered_branches": 0,
                        "missing_branches": 2,
                        "percent_branches_covered": 0.0,
                        "percent_branches_covered_display": "0"
                    },
                    "missing_lines": [
                        397,
                        398,
                        399,
                        400
                    ],
                    "excluded_lines": [],
                    "start_line": 396,
                    "executed_branches": [],
                    "missing_branches": [
                        [
                            398,
                            399
                        ],
                        [
                            398,
                            400
                        ]
                    ]
                },
                "_track_to_params": {
                    "executed_lines": [],
                    "summary": {
                        "covered_lines": 0,
                        "num_statements": 1,
                        "percent_covered": 0.0,
                        "percent_covered_display": "0",
                        "missing_lines": 1,
                        "excluded_lines": 0,
                        "percent_statements_covered": 0.0,
                        "percent_statements_covered_display": "0",
                        "num_branches": 0,
                        "num_partial_branches": 0,
                        "covered_branches": 0,
                        "missing_branches": 0,
                        "percent_branches_covered": 100.0,
                        "percent_branches_covered_display": "100"
                    },
                    "missing_lines": [
                        406
                    ],
                    "excluded_lines": [],
                    "start_line": 403,
                    "executed_branches": [],
                    "missing_branches": []
                },
                "_row_to_track": {
                    "executed_lines": [],
                    "summary": {
                        "covered_lines": 0,
                        "num_statements": 1,
                        "percent_covered": 0.0,
                        "percent_covered_display": "0",
                        "missing_lines": 1,
                        "excluded_lines": 0,
                        "percent_statements_covered": 0.0,
                        "percent_statements_covered_display": "0",
                        "num_branches": 0,
                        "num_partial_branches": 0,
                        "covered_branches": 0,
                        "missing_branches": 0,
                        "percent_branches_covered": 100.0,
                        "percent_branches_covered_display": "100"
                    },
                    "missing_lines": [
                        424
                    ],
                    "excluded_lines": [],
                    "start_line": 423,
                    "executed_branches": [],
                    "missing_branches": []
                },
                "extract_art": {
                    "executed_lines": [],
                    "summary": {
                        "covered_lines": 0,
                        "num_statements": 31,
                        "percent_covered": 4.081632653061225,
                        "percent_covered_display": "4",
                        "missing_lines": 31,
                        "excluded_lines": 0,
                        "percent_statements_covered": 0.0,
                        "percent_statements_covered_display": "0",
                        "num_branches": 18,
                        "num_partial_branches": 0,
                        "covered_branches": 2,
                        "missing_branches": 16,
                        "percent_branches_covered": 11.11111111111111,
                        "percent_branches_covered_display": "11"
                    },
                    "missing_lines": [
                        454,
                        455,
                        456,
                        457,
                        458,
                        459,
                        460,
                        461,
                        462,
                        463,
                        464,
                        465,
                        466,
                        467,
                        472,
                        473,
                        474,
                        475,
                        476,
                        477,
                        478,
                        479,
                        481,
                        483,
                        484,
                        485,
                        486,
                        487,
                        488,
                        489,
                        490
                    ],
                    "excluded_lines": [],
                    "start_line": 448,
                    "executed_branches": [],
                    "missing_branches": [
                        [
                            456,
                            457
                        ],
                        [
                            456,
                            462
                        ],
                        [
                            458,
                            459
                        ],
                        [
                            458,
                            490
                        ],
                        [
                            459,
                            458
                        ],
                        [
                            459,
                            460
                        ],
                        [
                            465,
                            466
                        ],
                        [
                            465,
                            490
                        ],
                        [
                            473,
                            474
                        ],
                        [
                            473,
                            478
                        ],
                        [
                            475,
                            476
                        ],
                        [
                            475,
                            490
                        ],
                        [
                            478,
                            479
                        ],
                        [
                            478,
                            490
                        ],
                        [
                            485,
                            486
                        ],
                        [
                            485,
                            490
                        ]
                    ]
                },
                "_parse_num": {
                    "executed_lines": [],
                    "summary": {
                        "covered_lines": 0,
                        "num_statements": 4,
                        "percent_covered": 0.0,
                        "percent_covered_display": "0",
                        "missing_lines": 4,
                        "excluded_lines": 0,
                        "percent_statements_covered": 0.0,
                        "percent_statements_covered_display": "0",
                        "num_branches": 0,
                        "num_partial_branches": 0,
                        "covered_branches": 0,
                        "missing_branches": 0,
                        "percent_branches_covered": 100.0,
                        "percent_branches_covered_display": "100"
                    },
                    "missing_lines": [
                        500,
                        501,
                        502,
                        503
                    ],
                    "excluded_lines": [],
                    "start_line": 498,
                    "executed_branches": [],
                    "missing_branches": []
                },
                "_read_mp3_tags": {
                    "executed_lines": [],
                    "summary": {
                        "covered_lines": 0,
                        "num_statements": 6,
                        "percent_covered": 0.0,
                        "percent_covered_display": "0",
                        "missing_lines": 6,
                        "excluded_lines": 0,
                        "percent_statements_covered": 0.0,
                        "percent_statements_covered_display": "0",
                        "num_branches": 0,
                        "num_partial_branches": 0,
                        "covered_branches": 0,
                        "missing_branches": 0,
                        "percent_branches_covered": 100.0,
                        "percent_branches_covered_display": "100"
                    },
                    "missing_lines": [
                        507,
                        508,
                        509,
                        510,
                        512,
                        516
                    ],
                    "excluded_lines": [],
                    "start_line": 506,
                    "executed_branches": [],
                    "missing_branches": []
                },
                "_read_mp3_tags._str": {
                    "executed_lines": [],
                    "summary": {
                        "covered_lines": 0,
                        "num_statements": 2,
                        "percent_covered": 0.0,
                        "percent_covered_display": "0",
                        "missing_lines": 2,
                        "excluded_lines": 0,
                        "percent_statements_covered": 0.0,
                        "percent_statements_covered_display": "0",
                        "num_branches": 0,
                        "num_partial_branches": 0,
                        "covered_branches": 0,
                        "missing_branches": 0,
                        "percent_branches_covered": 100.0,
                        "percent_branches_covered_display": "100"
                    },
                    "missing_lines": [
                        513,
                        514
                    ],
                    "excluded_lines": [],
                    "start_line": 512,
                    "executed_branches": [],
                    "missing_branches": []
                },
                "_read_m4a_tags": {
                    "executed_lines": [],
                    "summary": {
                        "covered_lines": 0,
                        "num_statements": 11,
                        "percent_covered": 0.0,
                        "percent_covered_display": "0",
                        "missing_lines": 11,
                        "excluded_lines": 0,
                        "percent_statements_covered": 0.0,
                        "percent_statements_covered_display": "0",
                        "num_branches": 0,
                        "num_partial_branches": 0,
                        "covered_branches": 0,
                        "missing_branches": 0,
                        "percent_branches_covered": 100.0,
                        "percent_branches_covered_display": "100"
                    },
                    "missing_lines": [
                        533,
                        534,
                        535,
                        536,
                        537,
                        539,
                        547,
                        548,
                        549,
                        550,
                        552
                    ],
                    "excluded_lines": [],
                    "start_line": 532,
                    "executed_branches": [],
                    "missing_branches": []
                },
                "_read_m4a_tags._s": {
                    "executed_lines": [],
                    "summary": {
                        "covered_lines": 0,
                        "num_statements": 5,
                        "percent_covered": 0.0,
                        "percent_covered_display": "0",
                        "missing_lines": 5,
                        "excluded_lines": 0,
                        "percent_statements_covered": 0.0,
                        "percent_statements_covered_display": "0",
                        "num_branches": 2,
                        "num_partial_branches": 0,
                        "covered_branches": 0,
                        "missing_branches": 2,
                        "percent_branches_covered": 0.0,
                        "percent_branches_covered_display": "0"
                    },
                    "missing_lines": [
                        540,
                        541,
                        542,
                        543,
                        545
                    ],
                    "excluded_lines": [],
                    "start_line": 539,
                    "executed_branches": [],
                    "missing_branches": [
                        [
                            541,
                            542
                        ],
                        [
                            541,
                            543
                        ]
                    ]
                },
                "_read_vorbis_tags": {
                    "executed_lines": [],
                    "summary": {
                        "covered_lines": 0,
                        "num_statements": 11,
                        "percent_covered": 0.0,
                        "percent_covered_display": "0",
                        "missing_lines": 11,
                        "excluded_lines": 0,
                        "percent_statements_covered": 0.0,
                        "percent_statements_covered_display": "0",
                        "num_branches": 2,
                        "num_partial_branches": 0,
                        "covered_branches": 0,
                        "missing_branches": 2,
                        "percent_branches_covered": 0.0,
                        "percent_branches_covered_display": "0"
                    },
                    "missing_lines": [
                        570,
                        571,
                        572,
                        574,
                        575,
                        576,
                        577,
                        578,
                        579,
                        581,
                        585
                    ],
                    "excluded_lines": [],
                    "start_line": 568,
                    "executed_branches": [],
                    "missing_branches": [
                        [
                            571,
                            572
                        ],
                        [
                            571,
                            574
                        ]
                    ]
                },
                "_read_vorbis_tags._s": {
                    "executed_lines": [],
                    "summary": {
                        "covered_lines": 0,
                        "num_statements": 2,
                        "percent_covered": 0.0,
                        "percent_covered_display": "0",
                        "missing_lines": 2,
                        "excluded_lines": 0,
                        "percent_statements_covered": 0.0,
                        "percent_statements_covered_display": "0",
                        "num_branches": 0,
                        "num_partial_branches": 0,
                        "covered_branches": 0,
                        "missing_branches": 0,
                        "percent_branches_covered": 100.0,
                        "percent_branches_covered_display": "100"
                    },
                    "missing_lines": [
                        582,
                        583
                    ],
                    "excluded_lines": [],
                    "start_line": 581,
                    "executed_branches": [],
                    "missing_branches": []
                },
                "_read_tags": {
                    "executed_lines": [],
                    "summary": {
                        "covered_lines": 0,
                        "num_statements": 16,
                        "percent_covered": 0.0,
                        "percent_covered_display": "0",
                        "missing_lines": 16,
                        "excluded_lines": 0,
                        "percent_statements_covered": 0.0,
                        "percent_statements_covered_display": "0",
                        "num_branches": 8,
                        "num_partial_branches": 0,
                        "covered_branches": 0,
                        "missing_branches": 8,
                        "percent_branches_covered": 0.0,
                        "percent_branches_covered_display": "0"
                    },
                    "missing_lines": [
                        607,
                        608,
                        609,
                        610,
                        611,
                        612,
                        613,
                        614,
                        615,
                        616,
                        618,
                        619,
                        620,
                        621,
                        622,
                        623
                    ],
                    "excluded_lines": [],
                    "start_line": 601,
                    "executed_branches": [],
                    "missing_branches": [
                        [
                            609,
                            610
                        ],
                        [
                            609,
                            611
                        ],
                        [
                            611,
                            612
                        ],
                        [
                            611,
                            613
                        ],
                        [
                            613,
                            614
                        ],
                        [
                            613,
                            615
                        ],
                        [
                            615,
                            616
                        ],
                        [
                            615,
                            618
                        ]
                    ]
                },
                "LibraryScanner.__init__": {
                    "executed_lines": [],
                    "summary": {
                        "covered_lines": 0,
                        "num_statements": 1,
                        "percent_covered": 0.0,
                        "percent_covered_display": "0",
                        "missing_lines": 1,
                        "excluded_lines": 0,
                        "percent_statements_covered": 0.0,
                        "percent_statements_covered_display": "0",
                        "num_branches": 0,
                        "num_partial_branches": 0,
                        "covered_branches": 0,
                        "missing_branches": 0,
                        "percent_branches_covered": 100.0,
                        "percent_branches_covered_display": "100"
                    },
                    "missing_lines": [
                        635
                    ],
                    "excluded_lines": [],
                    "start_line": 634,
                    "executed_branches": [],
                    "missing_branches": []
                },
                "LibraryScanner.scan": {
                    "executed_lines": [],
                    "summary": {
                        "covered_lines": 0,
                        "num_statements": 22,
                        "percent_covered": 0.0,
                        "percent_covered_display": "0",
                        "missing_lines": 22,
                        "excluded_lines": 0,
                        "percent_statements_covered": 0.0,
                        "percent_statements_covered_display": "0",
                        "num_branches": 10,
                        "num_partial_branches": 0,
                        "covered_branches": 0,
                        "missing_branches": 10,
                        "percent_branches_covered": 0.0,
                        "percent_branches_covered_display": "0"
                    },
                    "missing_lines": [
                        651,
                        652,
                        654,
                        659,
                        662,
                        663,
                        664,
                        665,
                        666,
                        667,
                        668,
                        670,
                        671,
                        672,
                        673,
                        674,
                        676,
                        677,
                        678,
                        679,
                        681,
                        683
                    ],
                    "excluded_lines": [],
                    "start_line": 637,
                    "executed_branches": [],
                    "missing_branches": [
                        [
                            651,
                            652
                        ],
                        [
                            651,
                            654
                        ],
                        [
                            665,
                            666
                        ],
                        [
                            665,
                            673
                        ],
                        [
                            667,
                            668
                        ],
                        [
                            667,
                            670
                        ],
                        [
                            671,
                            665
                        ],
                        [
                            671,
                            672
                        ],
                        [
                            677,
                            678
                        ],
                        [
                            677,
                            681
                        ]
                    ]
                },
                "": {
                    "executed_lines": [
                        3,
                        5,
                        6,
                        7,
                        8,
                        9,
                        10,
                        11,
                        12,
                        14,
                        15,
                        16,
                        17,
                        19,
                        21,
                        23,
                        25,
                        64,
                        67,
                        84,
                        93,
                        107,
                        108,
                        109,
                        110,
                        111,
                        112,
                        113,
                        114,
                        115,
                        116,
                        117,
                        118,
                        119,
                        120,
                        121,
                        122,
                        123,
                        126,
                        127,
                        128,
                        129,
                        130,
                        131,
                        132,
                        135,
                        139,
                        140,
                        141,
                        142,
                        143,
                        146,
                        149,
                        159,
                        171,
                        172,
                        186,
                        223,
                        231,
                        235,
                        267,
                        274,
                        279,
                        293,
                        319,
                        326,
                        338,
                        343,
                        350,
                        371,
                        384,
                        389,
                        396,
                        403,
                        423,
                        448,
                        498,
                        506,
                        532,
                        568,
                        601,
                        631,
                        634,
                        637
                    ],
                    "summary": {
                        "covered_lines": 84,
                        "num_statements": 84,
                        "percent_covered": 100.0,
                        "percent_covered_display": "100",
                        "missing_lines": 0,
                        "excluded_lines": 0,
                        "percent_statements_covered": 100.0,
                        "percent_statements_covered_display": "100",
                        "num_branches": 0,
                        "num_partial_branches": 0,
                        "covered_branches": 0,
                        "missing_branches": 0,
                        "percent_branches_covered": 100.0,
                        "percent_branches_covered_display": "100"
                    },
                    "missing_lines": [],
                    "excluded_lines": [],
                    "start_line": 1,
                    "executed_branches": [],
                    "missing_branches": []
                }
            },
            "classes": {
                "Track": {
                    "executed_lines": [],
                    "summary": {
                        "covered_lines": 0,
                        "num_statements": 0,
                        "percent_covered": 100.0,
                        "percent_covered_display": "100",
                        "missing_lines": 0,
                        "excluded_lines": 0,
                        "percent_statements_covered": 100.0,
                        "percent_statements_covered_display": "100",
                        "num_branches": 0,
                        "num_partial_branches": 0,
                        "covered_branches": 0,
                        "missing_branches": 0,
                        "percent_branches_covered": 100.0,
                        "percent_branches_covered_display": "100"
                    },
                    "missing_lines": [],
                    "excluded_lines": [],
                    "start_line": 108,
                    "executed_branches": [],
                    "missing_branches": []
                },
                "AlbumInfo": {
                    "executed_lines": [],
                    "summary": {
                        "covered_lines": 0,
                        "num_statements": 1,
                        "percent_covered": 0.0,
                        "percent_covered_display": "0",
                        "missing_lines": 1,
                        "excluded_lines": 0,
                        "percent_statements_covered": 0.0,
                        "percent_statements_covered_display": "0",
                        "num_branches": 0,
                        "num_partial_branches": 0,
                        "covered_branches": 0,
                        "missing_branches": 0,
                        "percent_branches_covered": 100.0,
                        "percent_branches_covered_display": "100"
                    },
                    "missing_lines": [
                        136
                    ],
                    "excluded_lines": [],
                    "start_line": 127,
                    "executed_branches": [],
                    "missing_branches": []
                },
                "ScanResult": {
                    "executed_lines": [],
                    "summary": {
                        "covered_lines": 0,
                        "num_statements": 0,
                        "percent_covered": 100.0,
                        "percent_covered_display": "100",
                        "missing_lines": 0,
                        "excluded_lines": 0,
                        "percent_statements_covered": 100.0,
                        "percent_statements_covered_display": "100",
                        "num_branches": 0,
                        "num_partial_branches": 0,
                        "covered_branches": 0,
                        "missing_branches": 0,
                        "percent_branches_covered": 100.0,
                        "percent_branches_covered_display": "100"
                    },
                    "missing_lines": [],
                    "excluded_lines": [],
                    "start_line": 140,
                    "executed_branches": [],
                    "missing_branches": []
                },
                "LibraryIndex": {
                    "executed_lines": [],
                    "summary": {
                        "covered_lines": 0,
                        "num_statements": 81,
                        "percent_covered": 0.0,
                        "percent_covered_display": "0",
                        "missing_lines": 81,
                        "excluded_lines": 0,
                        "percent_statements_covered": 0.0,
                        "percent_statements_covered_display": "0",
                        "num_branches": 18,
                        "num_partial_branches": 0,
                        "covered_branches": 0,
                        "missing_branches": 18,
                        "percent_branches_covered": 0.0,
                        "percent_branches_covered_display": "0"
                    },
                    "missing_lines": [
                        150,
                        151,
                        152,
                        155,
                        156,
                        157,
                        164,
                        165,
                        168,
                        169,
                        179,
                        180,
                        181,
                        182,
                        183,
                        184,
                        188,
                        189,
                        190,
                        192,
                        193,
                        196,
                        197,
                        199,
                        200,
                        202,
                        203,
                        204,
                        205,
                        207,
                        209,
                        210,
                        212,
                        213,
                        214,
                        215,
                        216,
                        220,
                        221,
                        225,
                        226,
                        233,
                        237,
                        238,
                        239,
                        264,
                        265,
                        269,
                        271,
                        272,
                        276,
                        277,
                        285,
                        287,
                        291,
                        300,
                        301,
                        308,
                        321,
                        324,
                        328,
                        336,
                        340,
                        341,
                        345,
                        348,
                        356,
                        357,
                        358,
                        359,
                        369,
                        373,
                        382,
                        386,
                        387,
                        391,
                        394,
                        397,
                        398,
                        399,
                        400
                    ],
                    "excluded_lines": [],
                    "start_line": 146,
                    "executed_branches": [],
                    "missing_branches": [
                        [
                            179,
                            180
                        ],
                        [
                            179,
                            184
                        ],
                        [
                            190,
                            192
                        ],
                        [
                            190,
                            199
                        ],
                        [
                            200,
                            202
                        ],
                        [
                            200,
                            207
                        ],
                        [
                            207,
                            -186
                        ],
                        [
                            207,
                            209
                        ],
                        [
                            213,
                            214
                        ],
                        [
                            213,
                            220
                        ],
                        [
                            215,
                            213
                        ],
                        [
                            215,
[...]
                    },
                    "missing_lines": [
                        36,
                        37,
                        38,
                        40,
                        42,
                        43,
                        45,
                        47,
                        50,
                        51,
                        53,
                        54,
                        55,
                        56,
                        57,
                        58,
                        59,
                        66,
                        67,
                        68,
                        69,
                        70,
                        74,
                        75,
                        76,
                        77,
                        78,
                        79,
                        80,
                        81,
                        82,
                        83,
                        84,
                        85,
                        86,
                        90,
                        96,
                        97,
                        98,
                        99,
                        100,
                        101,
                        104,
                        107,
                        108,
                        109,
                        110,
                        111,
                        112,
                        113,
                        114,
                        115,
                        116,
                        117,
                        120,
                        121,
                        122,
                        126,
                        128,
                        130,
                        131,
                        132,
                        133,
                        134,
                        137,
                        138,
                        140,
                        141,
                        142,
                        143,
                        146,
                        147,
                        149,
                        150,
                        151,
                        158,
                        159,
                        161,
                        162,
                        163,
                        164
                    ],
                    "excluded_lines": [],
                    "start_line": 34,
                    "executed_branches": [],
                    "missing_branches": [
                        [
                            50,
                            51
                        ],
                        [
                            50,
                            56
                        ],
                        [
                            53,
                            54
                        ],
                        [
                            53,
                            55
                        ],
                        [
                            56,
                            -49
                        ],
                        [
                            56,
                            57
                        ],
                        [
                            58,
                            -49
                        ],
                        [
                            58,
                            59
                        ],
                        [
                            66,
                            67
                        ],
                        [
                            66,
                            68
                        ],
                        [
                            68,
                            69
                        ],
                        [
                            68,
                            70
                        ],
                        [
                            81,
                            -72
                        ],
                        [
                            81,
                            82
                        ],
                        [
                            82,
                            83
                        ],
                        [
                            82,
                            84
                        ],
                        [
                            84,
                            85
                        ],
                        [
                            84,
                            86
                        ],
                        [
                            86,
                            81
                        ],
                        [
                            86,
                            90
                        ],
                        [
                            97,
                            98
                        ],
                        [
                            97,
                            99
                        ],
                        [
                            99,
                            100
                        ],
                        [
                            99,
                            101
                        ],
                        [
                            101,
                            -92
                        ],
                        [
                            101,
                            104
                        ],
                        [
                            108,
                            109
                        ],
                        [
                            108,
                            111
                        ],
                        [
                            112,
                            113
                        ],
                        [
                            112,
                            114
                        ],
                        [
                            132,
                            133
                        ],
                        [
                            132,
                            137
                        ],
                        [
                            141,
                            142
                        ],
                        [
                            141,
                            146
                        ],
                        [
                            146,
                            147
                        ],
                        [
                            146,
                            149
                        ],
                        [
                            163,
                            -119
                        ],
                        [
                            163,
                            164
                        ]
                    ]
                },
                "Watcher": {
                    "executed_lines": [],
                    "summary": {
                        "covered_lines": 0,
                        "num_statements": 59,
                        "percent_covered": 0.0,
                        "percent_covered_display": "0",
                        "missing_lines": 59,
                        "excluded_lines": 0,
                        "percent_statements_covered": 0.0,
                        "percent_statements_covered_display": "0",
                        "num_branches": 10,
                        "num_partial_branches": 0,
                        "covered_branches": 0,
                        "missing_branches": 10,
                        "percent_branches_covered": 0.0,
                        "percent_branches_covered_display": "0"
                    },
                    "missing_lines": [
                        186,
                        187,
                        188,
                        189,
                        190,
                        191,
                        195,
                        199,
                        200,
                        204,
                        208,
                        209,
                        212,
                        213,
                        214,
                        215,
                        216,
                        218,
                        227,
                        228,
                        229,
                        230,
                        231,
                        232,
                        233,
                        234,
                        235,
                        236,
                        240,
                        241,
                        242,
                        243,
                        244,
                        245,
                        246,
                        247,
                        248,
                        249,
                        250,
                        251,
                        255,
                        256,
                        257,
                        258,
                        267,
                        268,
                        269,
                        271,
                        272,
                        277,
                        278,
                        279,
                        280,
                        281,
                        282,
                        283,
                        284,
                        286,
                        290
                    ],
                    "excluded_lines": [],
                    "start_line": 182,
                    "executed_branches": [],
                    "missing_branches": [
                        [
                            227,
                            228
                        ],
                        [
                            227,
                            229
                        ],
                        [
                            231,
                            232
                        ],
                        [
                            231,
                            233
                        ],
                        [
                            240,
                            241
                        ],
                        [
                            240,
                            242
                        ],
                        [
                            255,
                            256
                        ],
                        [
                            255,
                            258
                        ],
                        [
                            271,
                            272
                        ],
                        [
                            271,
                            286
                        ]
                    ]
                },
                "_LibraryHandler": {
                    "executed_lines": [],
                    "summary": {
                        "covered_lines": 0,
                        "num_statements": 31,
                        "percent_covered": 0.0,
                        "percent_covered_display": "0",
                        "missing_lines": 31,
                        "excluded_lines": 0,
                        "percent_statements_covered": 0.0,
                        "percent_statements_covered_display": "0",
                        "num_branches": 12,
                        "num_partial_branches": 0,
                        "covered_branches": 0,
                        "missing_branches": 12,
                        "percent_branches_covered": 0.0,
                        "percent_branches_covered_display": "0"
                    },
                    "missing_lines": [
                        306,
                        307,
                        308,
                        309,
                        310,
                        313,
                        314,
                        319,
                        320,
                        325,
                        326,
                        327,
                        330,
                        333,
                        336,
                        337,
                        338,
                        339,
                        340,
                        341,
                        344,
                        345,
                        346,
                        347,
                        348,
                        349,
                        350,
                        354,
                        355,
                        356,
                        357
                    ],
                    "excluded_lines": [],
                    "start_line": 293,
                    "executed_branches": [],
                    "missing_branches": [
                        [
                            313,
                            -312
                        ],
                        [
                            313,
                            314
                        ],
                        [
                            319,
                            -316
                        ],
                        [
                            319,
                            320
                        ],
                        [
                            325,
                            326
                        ],
                        [
                            325,
                            327
                        ],
                        [
                            327,
                            -322
                        ],
                        [
                            327,
                            330
                        ],
                        [
                            337,
                            338
                        ],
                        [
                            337,
                            339
                        ],
                        [
                            355,
                            -352
                        ],
                        [
                            355,
                            356
                        ]
                    ]
                },
                "LibraryWatcher": {
                    "executed_lines": [],
                    "summary": {
                        "covered_lines": 0,
                        "num_statements": 11,
                        "percent_covered": 0.0,
                        "percent_covered_display": "0",
                        "missing_lines": 11,
                        "excluded_lines": 0,
                        "percent_statements_covered": 0.0,
                        "percent_statements_covered_display": "0",
                        "num_branches": 0,
                        "num_partial_branches": 0,
                        "covered_branches": 0,
                        "missing_branches": 0,
                        "percent_branches_covered": 100.0,
                        "percent_branches_covered_display": "100"
                    },
                    "missing_lines": [
                        364,
                        365,
                        366,
                        369,
                        370,
                        371,
                        372,
                        375,
                        376,
                        377,
                        378
                    ],
                    "excluded_lines": [],
                    "start_line": 360,
                    "executed_branches": [],
                    "missing_branches": []
                },
                "": {
                    "executed_lines": [
                        3,
                        5,
                        6,
                        7,
                        8,
                        9,
                        10,
                        12,
                        22,
                        24,
                        25,
                        26,
                        28,
                        30,
                        31,
                        34,
                        35,
                        49,
                        61,
                        72,
                        92,
                        106,
                        119,
                        167,
                        182,
                        185,
                        193,
                        194,
                        197,
                        198,
                        202,
                        203,
                        206,
                        207,
                        211,
                        220,
                        238,
                        253,
                        260,
                        288,
                        293,
                        305,
                        312,
                        316,
                        322,
                        332,
                        335,
                        343,
                        352,
                        360,
                        363,
                        368,
                        374
                    ],
                    "summary": {
                        "covered_lines": 53,
                        "num_statements": 64,
                        "percent_covered": 77.94117647058823,
                        "percent_covered_display": "78",
                        "missing_lines": 11,
                        "excluded_lines": 0,
                        "percent_statements_covered": 82.8125,
                        "percent_statements_covered_display": "83",
                        "num_branches": 4,
                        "num_partial_branches": 0,
                        "covered_branches": 0,
                        "missing_branches": 4,
                        "percent_branches_covered": 0.0,
                        "percent_branches_covered_display": "0"
                    },
                    "missing_lines": [
                        169,
                        170,
                        171,
                        172,
                        173,
                        174,
                        175,
                        176,
                        177,
                        178,
                        179
                    ],
                    "excluded_lines": [],
                    "start_line": 1,
                    "executed_branches": [],
                    "missing_branches": [
                        [
                            171,
                            -167
                        ],
                        [
                            171,
                            172
                        ],
                        [
                            176,
                            177
                        ],
                        [
                            176,
                            178
                        ]
                    ]
                }
            }
        }
    },
    "totals": {
        "covered_lines": 570,
        "num_statements": 2592,
        "percent_covered": 17.228915662650603,
        "percent_covered_display": "17",
        "missing_lines": 2022,
        "excluded_lines": 158,
        "percent_statements_covered": 21.99074074074074,
        "percent_statements_covered_display": "22",
        "num_branches": 728,
        "num_partial_branches": 0,
        "covered_branches": 2,
        "missing_branches": 726,
        "percent_branches_covered": 0.27472527472527475,
        "percent_branches_covered_display": "1"
    }
}